<?xml version="1.0" encoding="UTF-8"?>
<!-- Generated by org.testng.reporters.JUnitReportReporter -->
<testsuite hostname="shilpatailor.c.googlers.com" failures="0" tests="2" name="test.com.BasicsTestNGTest" time="0.002" errors="0" timestamp="2024-08-31T12:10:07 UTC" skipped="0">
  <testcase classname="test.com.BasicsTestNGTest" name="googleSearch" time="0.001"/>
  <system-out/>
  <testcase classname="test.com.BasicsTestNGTest" name="googleTitleTest" time="0.001"/>
  <system-out/>
</testsuite> <!-- test.com.BasicsTestNGTest -->
