<?xml version="1.0" encoding="UTF-8"?>
<!-- Generated by org.testng.reporters.JUnitReportReporter -->
<testsuite hostname="shilpatailor.c.googlers.com" failures="0" tests="5" name="test.com.InvocationCountTest" time="0.002" errors="0" timestamp="2024-08-31T12:10:07 UTC" skipped="0">
  <testcase classname="test.com.InvocationCountTest" name="sum" time="0.001"/>
  <system-out/>
  <testcase classname="test.com.InvocationCountTest" name="sum" time="0.000"/>
  <system-out/>
  <testcase classname="test.com.InvocationCountTest" name="sum" time="0.001"/>
  <system-out/>
  <testcase classname="test.com.InvocationCountTest" name="sum" time="0.000"/>
  <system-out/>
  <testcase classname="test.com.InvocationCountTest" name="sum" time="0.000"/>
  <system-out/>
</testsuite> <!-- test.com.InvocationCountTest -->
